# JRE version: Java(TM) SE Runtime Environment (8.0_311-b11) (build 1.8.0_311-b11)
# Java VM: Java HotSpot(TM) 64-Bit Server VM (25.311-b11 mixed mode windows-amd64 compressed oops)
Heap:
 PSYoungGen      total 247296K, used 120392K [0x00000000eab00000, 0x0000000100000000, 0x0000000100000000)
  eden space 167936K, 29% used [0x00000000eab00000,0x00000000edb63c70,0x00000000f4f00000)
  from space 79360K, 89% used [0x00000000fb280000,0x00000000ff7ae728,0x0000000100000000)
  to   space 90624K, 0% used [0x00000000f4f00000,0x00000000f4f00000,0x00000000fa780000)
 ParOldGen       total 624640K, used 296256K [0x00000000c0000000, 0x00000000e6200000, 0x00000000eab00000)
  object space 624640K, 47% used [0x00000000c0000000,0x00000000d2150058,0x00000000e6200000)
 Metaspace       used 108887K, capacity 122426K, committed 128512K, reserved 1159168K
  class space    used 15567K, capacity 16765K, committed 17920K, reserved 1048576K
GC Heap History (10 events):
Event: 41.562 GC heap before
{Heap before GC invocations=33 (full 4):
 PSYoungGen      total 183808K, used 174392K [0x00000000eab00000, 0x0000000100000000, 0x0000000100000000)
  eden space 168960K, 94% used [0x00000000eab00000,0x00000000f46d32d8,0x00000000f5000000)
  from space 14848K, 99% used [0x00000000ff180000,0x00000000ffffadc8,0x0000000100000000)
  to   space 90112K, 0% used [0x00000000f5000000,0x00000000f5000000,0x00000000fa800000)
 ParOldGen       total 318464K, used 234554K [0x00000000c0000000, 0x00000000d3700000, 0x00000000eab00000)
  object space 318464K, 73% used [0x00000000c0000000,0x00000000ce50e9e8,0x00000000d3700000)
 Metaspace       used 110184K, capacity 127284K, committed 127360K, reserved 1159168K
  class space    used 16102K, capacity 17722K, committed 17792K, reserved 1048576K
Event: 41.570 GC heap after
Heap after GC invocations=33 (full 4):
 PSYoungGen      total 259072K, used 28616K [0x00000000eab00000, 0x0000000100000000, 0x0000000100000000)
  eden space 168960K, 0% used [0x00000000eab00000,0x00000000eab00000,0x00000000f5000000)
  from space 90112K, 31% used [0x00000000f5000000,0x00000000f6bf23d0,0x00000000fa800000)
  to   space 84992K, 0% used [0x00000000fad00000,0x00000000fad00000,0x0000000100000000)
 ParOldGen       total 318464K, used 234626K [0x00000000c0000000, 0x00000000d3700000, 0x00000000eab00000)
  object space 318464K, 73% used [0x00000000c0000000,0x00000000ce5209f8,0x00000000d3700000)
 Metaspace       used 110184K, capacity 127284K, committed 127360K, reserved 1159168K
  class space    used 16102K, capacity 17722K, committed 17792K, reserved 1048576K
}
Event: 41.716 GC heap before
{Heap before GC invocations=34 (full 4):
 PSYoungGen      total 259072K, used 197576K [0x00000000eab00000, 0x0000000100000000, 0x0000000100000000)
  eden space 168960K, 100% used [0x00000000eab00000,0x00000000f5000000,0x00000000f5000000)
  from space 90112K, 31% used [0x00000000f5000000,0x00000000f6bf23d0,0x00000000fa800000)
  to   space 84992K, 0% used [0x00000000fad00000,0x00000000fad00000,0x0000000100000000)
 ParOldGen       total 318464K, used 234626K [0x00000000c0000000, 0x00000000d3700000, 0x00000000eab00000)
  object space 318464K, 73% used [0x00000000c0000000,0x00000000ce520a10,0x00000000d3700000)
 Metaspace       used 110184K, capacity 127284K, committed 127360K, reserved 1159168K
  class space    used 16102K, capacity 17722K, committed 17792K, reserved 1048576K
Event: 41.733 GC heap after
Heap after GC invocations=34 (full 4):
 PSYoungGen      total 244736K, used 28311K [0x00000000eab00000, 0x00000000ff200000, 0x0000000100000000)
  eden space 174080K, 0% used [0x00000000eab00000,0x00000000eab00000,0x00000000f5500000)
  from space 70656K, 40% used [0x00000000fad00000,0x00000000fc8a5e30,0x00000000ff200000)
  to   space 80384K, 0% used [0x00000000f5500000,0x00000000f5500000,0x00000000fa380000)
 ParOldGen       total 318464K, used 257273K [0x00000000c0000000, 0x00000000d3700000, 0x00000000eab00000)
  object space 318464K, 80% used [0x00000000c0000000,0x00000000cfb3e4e8,0x00000000d3700000)
 Metaspace       used 110184K, capacity 127284K, committed 127360K, reserved 1159168K
  class space    used 16102K, capacity 17722K, committed 17792K, reserved 1048576K
}
Event: 41.733 GC heap before
{Heap before GC invocations=35 (full 5):
 PSYoungGen      total 244736K, used 28311K [0x00000000eab00000, 0x00000000ff200000, 0x0000000100000000)
  eden space 174080K, 0% used [0x00000000eab00000,0x00000000eab00000,0x00000000f5500000)
  from space 70656K, 40% used [0x00000000fad00000,0x00000000fc8a5e30,0x00000000ff200000)
  to   space 80384K, 0% used [0x00000000f5500000,0x00000000f5500000,0x00000000fa380000)
 ParOldGen       total 318464K, used 257273K [0x00000000c0000000, 0x00000000d3700000, 0x00000000eab00000)
  object space 318464K, 80% used [0x00000000c0000000,0x00000000cfb3e4e8,0x00000000d3700000)
 Metaspace       used 110184K, capacity 127284K, committed 127360K, reserved 1159168K
  class space    used 16102K, capacity 17722K, committed 17792K, reserved 1048576K
Event: 42.044 GC heap after
Heap after GC invocations=35 (full 5):
 PSYoungGen      total 244736K, used 0K [0x00000000eab00000, 0x00000000ff200000, 0x0000000100000000)
  eden space 174080K, 0% used [0x00000000eab00000,0x00000000eab00000,0x00000000f5500000)
  from space 70656K, 0% used [0x00000000fad00000,0x00000000fad00000,0x00000000ff200000)
  to   space 80384K, 0% used [0x00000000f5500000,0x00000000f5500000,0x00000000fa380000)
 ParOldGen       total 624640K, used 234972K [0x00000000c0000000, 0x00000000e6200000, 0x00000000eab00000)
  object space 624640K, 37% used [0x00000000c0000000,0x00000000ce577130,0x00000000e6200000)
 Metaspace       used 107385K, capacity 120764K, committed 127360K, reserved 1159168K
  class space    used 15316K, capacity 16480K, committed 17792K, reserved 1048576K
}
Event: 42.161 GC heap before
{Heap before GC invocations=36 (full 5):
 PSYoungGen      total 244736K, used 174080K [0x00000000eab00000, 0x00000000ff200000, 0x0000000100000000)
  eden space 174080K, 100% used [0x00000000eab00000,0x00000000f5500000,0x00000000f5500000)
  from space 70656K, 0% used [0x00000000fad00000,0x00000000fad00000,0x00000000ff200000)
  to   space 80384K, 0% used [0x00000000f5500000,0x00000000f5500000,0x00000000fa380000)
 ParOldGen       total 624640K, used 296184K [0x00000000c0000000, 0x00000000e6200000, 0x00000000eab00000)
  object space 624640K, 47% used [0x00000000c0000000,0x00000000d213e058,0x00000000e6200000)
 Metaspace       used 107410K, capacity 120788K, committed 127360K, reserved 1159168K
  class space    used 15319K, capacity 16484K, committed 17792K, reserved 1048576K
Event: 42.171 GC heap after
Heap after GC invocations=36 (full 5):
 PSYoungGen      total 254464K, used 38328K [0x00000000eab00000, 0x0000000100000000, 0x0000000100000000)
  eden space 174080K, 0% used [0x00000000eab00000,0x00000000eab00000,0x00000000f5500000)
  from space 80384K, 47% used [0x00000000f5500000,0x00000000f7a6e208,0x00000000fa380000)
  to   space 79360K, 0% used [0x00000000fb280000,0x00000000fb280000,0x0000000100000000)
 ParOldGen       total 624640K, used 296192K [0x00000000c0000000, 0x00000000e6200000, 0x00000000eab00000)
  object space 624640K, 47% used [0x00000000c0000000,0x00000000d2140058,0x00000000e6200000)
 Metaspace       used 107410K, capacity 120788K, committed 127360K, reserved 1159168K
  class space    used 15319K, capacity 16484K, committed 17792K, reserved 1048576K
}
Event: 42.975 GC heap before
{Heap before GC invocations=37 (full 5):
 PSYoungGen      total 254464K, used 212408K [0x00000000eab00000, 0x0000000100000000, 0x0000000100000000)
  eden space 174080K, 100% used [0x00000000eab00000,0x00000000f5500000,0x00000000f5500000)
  from space 80384K, 47% used [0x00000000f5500000,0x00000000f7a6e208,0x00000000fa380000)
  to   space 79360K, 0% used [0x00000000fb280000,0x00000000fb280000,0x0000000100000000)
 ParOldGen       total 624640K, used 296192K [0x00000000c0000000, 0x00000000e6200000, 0x00000000eab00000)
  object space 624640K, 47% used [0x00000000c0000000,0x00000000d2140058,0x00000000e6200000)
 Metaspace       used 108883K, capacity 122414K, committed 128512K, reserved 1159168K
  class space    used 15566K, capacity 16763K, committed 17920K, reserved 1048576K
Event: 43.013 GC heap after
Heap after GC invocations=37 (full 5):
 PSYoungGen      total 247296K, used 70841K [0x00000000eab00000, 0x0000000100000000, 0x0000000100000000)
  eden space 167936K, 0% used [0x00000000eab00000,0x00000000eab00000,0x00000000f4f00000)
  from space 79360K, 89% used [0x00000000fb280000,0x00000000ff7ae728,0x0000000100000000)
  to   space 90624K, 0% used [0x00000000f4f00000,0x00000000f4f00000,0x00000000fa780000)
 ParOldGen       total 624640K, used 296256K [0x00000000c0000000, 0x00000000e6200000, 0x00000000eab00000)
  object space 624640K, 47% used [0x00000000c0000000,0x00000000d2150058,0x00000000e6200000)
 Metaspace       used 108883K, capacity 122414K, committed 128512K, reserved 1159168K
  class space    used 15566K, capacity 16763K, committed 17920K, reserved 1048576K
}

